<?xml version="1.0" encoding="UTF-8"?>
<!-- Generated by org.testng.reporters.JUnitReportReporter -->
<testsuite hostname="ImransDell" failures="0" tests="2" name="com.catering.test.ProductAdd" time="4.414" errors="0" timestamp="2024-10-15T15:26:01 IST" skipped="0">
  <testcase classname="com.catering.test.ProductAdd" name="addMultipleProduct" time="1.913"/>
  <system-out/>
  <testcase classname="com.catering.test.ProductAdd" name="adminLogin" time="2.501"/>
  <system-out/>
</testsuite> <!-- com.catering.test.ProductAdd -->
